<?xml version="1.0" encoding="UTF-8"?>
<testsuite name="uha.awsTest.dto.HelloReponseDtoTest" tests="1" skipped="0" failures="0" errors="0" timestamp="2022-09-02T09:25:21" hostname="DESKTOP-Q93U829" time="0.009">
  <properties/>
  <testcase name="LombokTest()" classname="uha.awsTest.dto.HelloReponseDtoTest" time="0.009"/>
  <system-out><![CDATA[]]></system-out>
  <system-err><![CDATA[]]></system-err>
</testsuite>
